2016-10-14 17:53:28 [INFO ] XMLParsing - Deserialize file sensor.xml into class XMLDomain.Tree object
2016-10-14 17:57:17 [INFO ] Main - Start computation
2016-10-14 17:57:18 [INFO ] XMLParsing - Deserialize file sensor.xml into class XMLDomain.Tree object
2016-10-14 17:58:44 [INFO ] Main - Start computation
2016-10-14 17:58:45 [INFO ] XMLParsing - Deserialize file sensor.xml into class XMLDomain.Tree object
2016-10-14 22:16:49 [INFO ] Main - Start computation
2016-10-14 22:16:58 [INFO ] XMLParsing - Deserialize file sensor.xml into class XMLDomain.Tree object
2016-10-14 22:20:13 [INFO ] Main - Start computation
2016-10-14 22:20:19 [INFO ] XMLParsing - Deserialize file sensor.xml into class XMLDomain.Tree object
2016-10-14 22:20:44 [INFO ] Main - Start computation
2016-10-14 22:20:51 [INFO ] XMLParsing - Deserialize file sensor.xml into class XMLDomain.Tree object
2016-10-14 22:24:55 [INFO ] Main - Start computation
2016-10-14 22:25:08 [INFO ] XMLParsing - Deserialize file sensor.xml into class XMLDomain.Tree object
2016-10-14 22:26:18 [INFO ] Main - Start computation
2016-10-14 22:26:20 [INFO ] XMLParsing - Deserialize file sensor.xml into class XMLDomain.Tree object
2016-10-14 22:29:44 [INFO ] Main - Start computation
2016-10-14 22:29:50 [INFO ] XMLParsing - Deserialize file sensor.xml into class XMLDomain.Tree object
2016-10-14 22:30:29 [INFO ] Main - Start computation
2016-10-14 22:30:29 [INFO ] XMLParsing - Deserialize file sensor.xml into class XMLDomain.Tree object
2016-10-14 22:42:17 [INFO ] Main - Start computation
2016-10-14 22:42:18 [INFO ] XMLParsing - Deserialize file sensor.xml into class XMLDomain.Tree object
2016-10-15 11:08:03 [INFO ] Main - Start computation
2016-10-15 11:08:04 [INFO ] XMLParsing - Deserialize file sensor.xml into class XMLDomain.Tree object
2016-10-15 11:12:22 [INFO ] Main - Start computation
2016-10-15 11:12:22 [INFO ] XMLParsing - Deserialize file sensor.xml into class XMLDomain.Tree object
2016-10-15 11:13:36 [INFO ] Main - Start computation
2016-10-15 11:13:37 [INFO ] XMLParsing - Deserialize file sensor.xml into class XMLDomain.Tree object
2016-10-15 11:13:37 [ERROR] GenericAttribute - Acquiring properties Error: argument type mismatch
2016-10-15 11:13:37 [ERROR] GenericAttribute - Acquiring properties Error: argument type mismatch
2016-10-15 11:13:37 [ERROR] GenericAttribute - Acquiring properties Error: argument type mismatch
2016-10-15 11:13:47 [INFO ] Main - Start computation
2016-10-15 11:13:48 [INFO ] XMLParsing - Deserialize file sensor.xml into class XMLDomain.Tree object
2016-10-15 11:17:09 [ERROR] GenericAttribute - Acquiring properties Error: argument type mismatch
2016-10-15 11:18:42 [INFO ] Main - Start computation
2016-10-15 11:18:42 [INFO ] XMLParsing - Deserialize file sensor.xml into class XMLDomain.Tree object
2016-10-15 11:18:50 [INFO ] Main - Start computation
2016-10-15 11:18:50 [INFO ] XMLParsing - Deserialize file sensor.xml into class XMLDomain.Tree object
2016-10-18 23:33:24 [INFO ] Main - Start computation
2016-10-18 23:33:25 [INFO ] XMLParsing - Deserialize file sensor.xml into class XMLDomain.Tree object
2016-10-18 23:34:51 [INFO ] Main - Start computation
2016-10-18 23:34:51 [INFO ] XMLParsing - Deserialize file sensor.xml into class XMLDomain.Tree object
2016-10-18 23:35:38 [INFO ] Main - Start computation
2016-10-18 23:35:38 [INFO ] XMLParsing - Deserialize file sensor.xml into class XMLDomain.Tree object
2016-10-18 23:37:56 [INFO ] Main - Start computation
2016-10-18 23:37:56 [INFO ] XMLParsing - Deserialize file sensor.xml into class XMLDomain.Tree object
2016-10-18 23:39:11 [INFO ] Main - Start computation
2016-10-18 23:39:12 [INFO ] XMLParsing - Deserialize file sensor.xml into class XMLDomain.Tree object
2016-10-18 23:40:42 [INFO ] Main - Start computation
2016-10-18 23:40:43 [INFO ] XMLParsing - Deserialize file sensor.xml into class XMLDomain.Tree object
2016-10-18 23:48:56 [INFO ] Main - Start computation
2016-10-18 23:48:56 [INFO ] XMLParsing - Deserialize file sensor.xml into class XMLDomain.Tree object
2016-10-18 23:50:11 [INFO ] Main - Start computation
2016-10-18 23:50:11 [INFO ] XMLParsing - Deserialize file sensor.xml into class XMLDomain.Tree object
2016-10-20 12:53:57 [INFO ] Main - Start computation
2016-10-20 12:53:58 [INFO ] XMLParsing - Deserialize file sensor.xml into class XMLDomain.Tree object
2016-10-20 12:54:29 [INFO ] Main - Start computation
2016-10-20 12:54:30 [INFO ] XMLParsing - Deserialize file sensor.xml into class XMLDomain.Tree object
2016-10-20 12:55:41 [INFO ] Main - Start computation
2016-10-20 12:55:41 [INFO ] XMLParsing - Deserialize file sensor.xml into class XMLDomain.Tree object
2016-10-20 12:55:49 [INFO ] Main - Start computation
2016-10-20 12:55:50 [INFO ] XMLParsing - Deserialize file sensor.xml into class XMLDomain.Tree object
2016-10-20 12:55:54 [INFO ] Main - Start computation
2016-10-20 12:55:55 [INFO ] XMLParsing - Deserialize file sensor.xml into class XMLDomain.Tree object
2016-10-20 12:56:33 [INFO ] Main - Start computation
2016-10-20 12:56:33 [INFO ] XMLParsing - Deserialize file sensor.xml into class XMLDomain.Tree object
2016-10-20 12:56:41 [INFO ] Main - Start computation
2016-10-20 12:56:41 [INFO ] XMLParsing - Deserialize file sensor.xml into class XMLDomain.Tree object
2016-10-20 12:57:58 [INFO ] Main - Start computation
2016-10-20 12:57:58 [INFO ] XMLParsing - Deserialize file sensor.xml into class XMLDomain.Tree object
2016-10-20 12:58:41 [INFO ] Main - Start computation
2016-10-20 12:58:42 [INFO ] XMLParsing - Deserialize file sensor.xml into class XMLDomain.Tree object
2016-10-20 13:03:01 [INFO ] Main - Start computation
2016-10-20 13:03:01 [INFO ] XMLParsing - Deserialize file sensor.xml into class XMLDomain.Tree object
2016-10-20 13:03:28 [INFO ] Main - Start computation
2016-10-20 13:03:29 [INFO ] XMLParsing - Deserialize file sensor.xml into class XMLDomain.Tree object
2016-10-20 13:06:01 [INFO ] Main - Start computation
2016-10-20 13:06:01 [INFO ] XMLParsing - Deserialize file sensor.xml into class XMLDomain.Tree object
2016-10-20 13:06:55 [INFO ] Main - Start computation
2016-10-20 13:06:55 [INFO ] XMLParsing - Deserialize file sensor.xml into class XMLDomain.Tree object
2016-10-20 13:07:50 [INFO ] Main - Start computation
2016-10-20 13:07:51 [INFO ] XMLParsing - Deserialize file sensor.xml into class XMLDomain.Tree object
2016-10-20 13:13:34 [INFO ] Main - Start computation
2016-10-20 13:13:34 [INFO ] XMLParsing - Deserialize file sensor.xml into class XMLDomain.Tree object
2016-10-20 13:25:08 [INFO ] Main - Start computation
2016-10-20 13:25:09 [INFO ] XMLParsing - Deserialize file sensor.xml into class XMLDomain.Tree object
2016-10-20 13:26:21 [INFO ] Main - Start computation
2016-10-20 13:26:21 [INFO ] XMLParsing - Deserialize file sensor.xml into class XMLDomain.Tree object
2016-10-20 13:27:27 [INFO ] Main - Start computation
2016-10-20 13:27:28 [INFO ] XMLParsing - Deserialize file sensor.xml into class XMLDomain.Tree object
2016-10-20 13:28:24 [INFO ] Main - Start computation
2016-10-20 13:28:24 [INFO ] XMLParsing - Deserialize file sensor.xml into class XMLDomain.Tree object
2016-10-20 14:29:23 [INFO ] Main - Start computation
2016-10-20 14:29:24 [INFO ] XMLParsing - Deserialize file sensor.xml into class XMLDomain.Tree object
2016-10-20 14:30:47 [INFO ] Main - Start computation
2016-10-20 14:30:48 [INFO ] XMLParsing - Deserialize file sensor.xml into class XMLDomain.Tree object
2016-10-20 14:33:04 [INFO ] Main - Start computation
2016-10-20 14:33:04 [INFO ] XMLParsing - Deserialize file sensor.xml into class XMLDomain.Tree object
2016-10-20 14:33:24 [INFO ] Main - Start computation
2016-10-20 14:33:24 [INFO ] XMLParsing - Deserialize file sensor.xml into class XMLDomain.Tree object
2016-10-20 14:34:21 [INFO ] Main - Start computation
2016-10-20 14:34:22 [INFO ] XMLParsing - Deserialize file sensor.xml into class XMLDomain.Tree object
2016-10-20 14:39:59 [INFO ] Main - Start computation
2016-10-20 14:39:59 [INFO ] XMLParsing - Deserialize file sensor.xml into class XMLDomain.Tree object
2016-10-20 14:44:20 [INFO ] Main - Start computation
2016-10-20 14:44:20 [INFO ] XMLParsing - Deserialize file sensor.xml into class XMLDomain.Tree object
2016-10-20 14:45:57 [INFO ] Main - Start computation
2016-10-20 14:45:58 [INFO ] XMLParsing - Deserialize file sensor.xml into class XMLDomain.Tree object
2016-10-20 14:46:59 [INFO ] Main - Start computation
2016-10-20 14:47:00 [INFO ] XMLParsing - Deserialize file sensor.xml into class XMLDomain.Tree object
2016-10-20 14:48:05 [INFO ] Main - Start computation
2016-10-20 14:48:05 [INFO ] XMLParsing - Deserialize file sensor.xml into class XMLDomain.Tree object
2016-10-20 14:56:26 [INFO ] Main - Start computation
2016-10-20 14:56:27 [INFO ] XMLParsing - Deserialize file sensor.xml into class XMLDomain.Tree object
2016-10-20 14:58:20 [INFO ] Main - Start computation
2016-10-20 14:58:21 [INFO ] XMLParsing - Deserialize file sensor.xml into class XMLDomain.Tree object
2016-10-20 14:58:57 [INFO ] Main - Start computation
2016-10-20 14:58:57 [INFO ] XMLParsing - Deserialize file sensor.xml into class XMLDomain.Tree object
2016-10-20 15:04:51 [INFO ] Main - Start computation
2016-10-20 15:04:51 [INFO ] XMLParsing - Deserialize file sensor.xml into class XMLDomain.Tree object
2016-10-20 15:07:08 [INFO ] Main - Start computation
2016-10-20 15:07:08 [INFO ] XMLParsing - Deserialize file sensor.xml into class XMLDomain.Tree object
2016-10-20 15:24:39 [INFO ] Main - Start computation
2016-10-20 15:24:40 [INFO ] XMLParsing - Deserialize file sensor.xml into class XMLDomain.Tree object
2016-10-20 15:29:57 [INFO ] Main - Start computation
2016-10-20 15:29:58 [INFO ] XMLParsing - Deserialize file sensor.xml into class XMLDomain.Tree object
2016-10-20 15:32:09 [INFO ] Main - Start computation
2016-10-20 15:32:10 [INFO ] XMLParsing - Deserialize file sensor.xml into class XMLDomain.Tree object
2016-10-20 15:33:16 [INFO ] Main - Start computation
2016-10-20 15:33:17 [INFO ] XMLParsing - Deserialize file sensor.xml into class XMLDomain.Tree object
2016-10-20 15:37:10 [INFO ] Main - Start computation
2016-10-20 15:37:11 [INFO ] XMLParsing - Deserialize file sensor.xml into class XMLDomain.Tree object
2016-10-20 15:38:54 [INFO ] Main - Start computation
2016-10-20 15:38:54 [INFO ] XMLParsing - Deserialize file sensor.xml into class XMLDomain.Tree object
2016-10-20 15:40:05 [INFO ] Main - Start computation
2016-10-20 15:40:06 [INFO ] XMLParsing - Deserialize file sensor.xml into class XMLDomain.Tree object
2016-10-20 15:43:05 [INFO ] Main - Start computation
2016-10-20 15:43:06 [INFO ] XMLParsing - Deserialize file sensor.xml into class XMLDomain.Tree object
2016-10-20 15:44:19 [INFO ] Main - Start computation
2016-10-20 15:44:20 [INFO ] XMLParsing - Deserialize file sensor.xml into class XMLDomain.Tree object
2016-10-20 15:45:27 [INFO ] Main - Start computation
2016-10-20 15:45:27 [INFO ] XMLParsing - Deserialize file sensor.xml into class XMLDomain.Tree object
2016-10-20 15:46:00 [INFO ] Main - Start computation
2016-10-20 15:46:00 [INFO ] XMLParsing - Deserialize file sensor.xml into class XMLDomain.Tree object
2016-10-20 15:47:22 [INFO ] Main - Start computation
2016-10-20 15:47:23 [INFO ] XMLParsing - Deserialize file sensor.xml into class XMLDomain.Tree object
2016-10-20 15:50:07 [INFO ] Main - Start computation
2016-10-20 15:50:08 [INFO ] XMLParsing - Deserialize file sensor.xml into class XMLDomain.Tree object
2016-10-20 15:50:16 [INFO ] Main - Start computation
2016-10-20 15:50:16 [INFO ] XMLParsing - Deserialize file sensor.xml into class XMLDomain.Tree object
2016-10-20 15:50:52 [INFO ] Main - Start computation
2016-10-20 15:50:53 [INFO ] XMLParsing - Deserialize file sensor.xml into class XMLDomain.Tree object
2016-10-20 15:56:47 [INFO ] Main - Start computation
2016-10-20 15:56:48 [INFO ] XMLParsing - Deserialize file sensor.xml into class XMLDomain.Tree object
2016-10-20 15:57:40 [INFO ] Main - Start computation
2016-10-20 15:57:41 [INFO ] XMLParsing - Deserialize file sensor.xml into class XMLDomain.Tree object
2016-10-20 15:58:16 [INFO ] Main - Start computation
2016-10-20 15:58:17 [INFO ] XMLParsing - Deserialize file sensor.xml into class XMLDomain.Tree object
2016-10-20 15:58:56 [INFO ] Main - Start computation
2016-10-20 15:58:57 [INFO ] XMLParsing - Deserialize file sensor.xml into class XMLDomain.Tree object
2016-10-20 15:59:16 [INFO ] Main - Start computation
2016-10-20 15:59:17 [INFO ] XMLParsing - Deserialize file sensor.xml into class XMLDomain.Tree object
2016-10-20 16:00:33 [INFO ] Main - Start computation
2016-10-20 16:00:33 [INFO ] XMLParsing - Deserialize file sensor.xml into class XMLDomain.Tree object
2016-10-20 16:03:18 [INFO ] Main - Start computation
2016-10-20 16:03:18 [INFO ] XMLParsing - Deserialize file sensor.xml into class XMLDomain.Tree object
2016-10-20 16:05:27 [INFO ] Main - Start computation
2016-10-20 16:05:27 [INFO ] XMLParsing - Deserialize file sensor.xml into class XMLDomain.Tree object
2016-10-20 16:05:58 [INFO ] Main - Start computation
2016-10-20 16:05:58 [INFO ] XMLParsing - Deserialize file sensor.xml into class XMLDomain.Tree object
2016-10-20 16:09:42 [INFO ] Main - Start computation
2016-10-20 16:09:42 [INFO ] XMLParsing - Deserialize file sensor.xml into class XMLDomain.Tree object
2016-10-20 16:10:15 [INFO ] Main - Start computation
2016-10-20 16:10:15 [INFO ] XMLParsing - Deserialize file sensor.xml into class XMLDomain.Tree object
2016-10-20 16:11:16 [INFO ] Main - Start computation
2016-10-20 16:11:17 [INFO ] XMLParsing - Deserialize file sensor.xml into class XMLDomain.Tree object
2016-10-20 16:28:40 [INFO ] Main - Start computation
2016-10-20 16:28:41 [INFO ] XMLParsing - Deserialize file sensor.xml into class XMLDomain.Tree object
2016-10-20 16:30:45 [INFO ] Main - Start computation
2016-10-20 16:30:45 [INFO ] XMLParsing - Deserialize file sensor.xml into class XMLDomain.Tree object
2016-10-20 16:31:03 [INFO ] Main - Start computation
2016-10-20 16:31:03 [INFO ] XMLParsing - Deserialize file sensor.xml into class XMLDomain.Tree object
2016-10-20 16:32:28 [INFO ] Main - Start computation
2016-10-20 16:32:28 [INFO ] XMLParsing - Deserialize file sensor.xml into class XMLDomain.Tree object
2016-10-20 16:32:45 [INFO ] Main - Start computation
2016-10-20 16:32:46 [INFO ] XMLParsing - Deserialize file sensor.xml into class XMLDomain.Tree object
2016-10-20 16:32:59 [INFO ] Main - Start computation
2016-10-20 16:32:59 [INFO ] XMLParsing - Deserialize file sensor.xml into class XMLDomain.Tree object
2016-10-20 16:33:12 [INFO ] Main - Start computation
2016-10-20 16:33:12 [INFO ] XMLParsing - Deserialize file sensor.xml into class XMLDomain.Tree object
2016-10-20 16:33:23 [INFO ] Main - Start computation
2016-10-20 16:33:23 [INFO ] XMLParsing - Deserialize file sensor.xml into class XMLDomain.Tree object
2016-10-20 16:33:35 [INFO ] Main - Start computation
2016-10-20 16:33:36 [INFO ] XMLParsing - Deserialize file sensor.xml into class XMLDomain.Tree object
2016-10-20 16:35:35 [INFO ] Main - Start computation
2016-10-20 16:35:36 [INFO ] XMLParsing - Deserialize file sensor.xml into class XMLDomain.Tree object
2016-10-20 16:35:54 [INFO ] Main - Start computation
2016-10-20 16:35:55 [INFO ] XMLParsing - Deserialize file sensor.xml into class XMLDomain.Tree object
2016-10-20 16:36:40 [INFO ] Main - Start computation
2016-10-20 16:36:41 [INFO ] XMLParsing - Deserialize file sensor.xml into class XMLDomain.Tree object
2016-10-20 16:37:00 [INFO ] Main - Start computation
2016-10-20 16:37:00 [INFO ] XMLParsing - Deserialize file sensor.xml into class XMLDomain.Tree object
2016-10-20 16:41:22 [INFO ] Main - Start computation
2016-10-20 16:41:23 [INFO ] XMLParsing - Deserialize file sensor.xml into class XMLDomain.Tree object
2016-10-20 16:42:33 [INFO ] Main - Start computation
2016-10-20 16:42:34 [INFO ] XMLParsing - Deserialize file sensor.xml into class XMLDomain.Tree object
2016-10-20 16:43:01 [INFO ] Main - Start computation
2016-10-20 16:43:02 [INFO ] XMLParsing - Deserialize file sensor.xml into class XMLDomain.Tree object
2016-10-20 16:43:34 [INFO ] Main - Start computation
2016-10-20 16:43:34 [INFO ] XMLParsing - Deserialize file sensor.xml into class XMLDomain.Tree object
2016-10-20 17:27:23 [INFO ] Main - Start computation
2016-10-20 17:27:24 [INFO ] XMLParsing - Deserialize file sensor.xml into class XMLDomain.Tree object
2016-10-21 16:16:27 [INFO ] Main - Start computation
2016-10-21 16:16:53 [INFO ] Main - Start computation
2016-10-21 16:16:54 [INFO ] XMLParsing - Deserialize file sensor.xml into class XMLDomain.Tree object
2016-10-21 16:17:53 [INFO ] Main - Start computation
2016-10-21 16:17:53 [ERROR] XMLParsing - Deserialize error - JAXB excepition: 4 counts of IllegalAnnotationExceptions
2016-10-21 16:19:46 [INFO ] Main - Start computation
2016-10-21 16:19:46 [ERROR] XMLParsing - Deserialize error - JAXB excepition: 1 counts of IllegalAnnotationExceptions
2016-10-21 16:20:53 [INFO ] Main - Start computation
2016-10-21 16:20:53 [INFO ] XMLParsing - Deserialize file sensor.xml into class XMLDomain.Tree object
2016-10-21 16:22:55 [INFO ] Main - Start computation
2016-10-21 16:22:55 [INFO ] XMLParsing - Deserialize file sensor.xml into class XMLDomain.Tree object
2016-10-21 16:22:57 [INFO ] Main - Start computation
2016-10-21 16:22:58 [INFO ] XMLParsing - Deserialize file sensor.xml into class XMLDomain.Tree object
2016-10-21 16:25:05 [INFO ] Main - Start computation
2016-10-21 16:25:06 [INFO ] XMLParsing - Deserialize file sensor.xml into class XMLDomain.Tree object
2016-10-21 16:28:15 [INFO ] Main - Start computation
2016-10-21 16:28:16 [INFO ] XMLParsing - Deserialize file sensor.xml into class XMLDomain.Tree object
2016-10-21 16:28:43 [INFO ] Main - Start computation
2016-10-21 16:28:43 [INFO ] XMLParsing - Deserialize file sensor.xml into class XMLDomain.Tree object
2016-10-21 16:30:01 [INFO ] Main - Start computation
2016-10-21 16:30:02 [INFO ] XMLParsing - Deserialize file sensor.xml into class XMLDomain.Tree object
2016-10-21 18:05:25 [INFO ] Main - Start computation
2016-10-21 18:05:26 [ERROR] XMLParsing - Deserialize error - JAXB excepition: 2 counts of IllegalAnnotationExceptions
2016-10-21 18:06:10 [INFO ] Main - Start computation
2016-10-21 18:06:11 [INFO ] XMLParsing - Deserialize file sensor.xml into class XMLDomain.Tree object
2016-10-21 18:06:45 [INFO ] Main - Start computation
2016-10-21 18:06:46 [INFO ] XMLParsing - Deserialize file sensor.xml into class XMLDomain.Tree object
2016-10-21 18:08:56 [INFO ] Main - Start computation
2016-10-21 18:08:56 [INFO ] XMLParsing - Deserialize file sensor.xml into class XMLDomain.Tree object
2016-10-21 18:09:50 [INFO ] Main - Start computation
2016-10-21 18:09:51 [INFO ] XMLParsing - Deserialize file sensor.xml into class XMLDomain.Tree object
2016-10-21 18:11:02 [INFO ] Main - Start computation
2016-10-21 18:11:02 [INFO ] XMLParsing - Deserialize file sensor.xml into class XMLDomain.Tree object
2016-10-21 18:13:55 [INFO ] Main - Start computation
2016-10-21 18:13:56 [INFO ] XMLParsing - Deserialize file sensor.xml into class XMLDomain.Tree object
2016-10-21 18:16:03 [INFO ] Main - Start computation
2016-10-21 18:16:03 [INFO ] XMLParsing - Deserialize file sensor.xml into class XMLDomain.Tree object
2016-10-21 18:21:57 [INFO ] Main - Start computation
2016-10-21 18:21:57 [INFO ] XMLParsing - Deserialize file sensor.xml into class XMLDomain.Tree object
2016-10-21 18:24:06 [INFO ] Main - Start computation
2016-10-21 18:24:06 [INFO ] XMLParsing - Deserialize file sensor.xml into class XMLDomain.Tree object
2016-10-21 18:25:25 [INFO ] Main - Start computation
2016-10-21 18:25:26 [INFO ] XMLParsing - Deserialize file sensor.xml into class XMLDomain.Tree object
2016-10-22 13:22:45 [INFO ] Main - Start computation
2016-10-22 13:22:46 [INFO ] XMLParsing - Deserialize file sensor.xml into class XMLDomain.Tree object
2016-10-22 13:26:10 [INFO ] Main - Start computation
2016-10-22 13:26:11 [INFO ] XMLParsing - Deserialize file sensor.xml into class XMLDomain.Tree object
2016-10-22 13:28:19 [INFO ] Main - Start computation
2016-10-22 13:28:20 [INFO ] XMLParsing - Deserialize file sensor.xml into class XMLDomain.Tree object
2016-10-22 13:30:18 [INFO ] Main - Start computation
2016-10-22 13:30:19 [INFO ] XMLParsing - Deserialize file sensor.xml into class XMLDomain.Tree object
2016-10-22 13:35:39 [INFO ] Main - Start computation
2016-10-22 13:35:40 [INFO ] XMLParsing - Deserialize file sensor.xml into class XMLDomain.Tree object
2016-10-22 13:37:32 [INFO ] Main - Start computation
2016-10-22 13:37:32 [INFO ] XMLParsing - Deserialize file sensor.xml into class XMLDomain.Tree object
2016-10-22 13:41:58 [INFO ] Main - Start computation
2016-10-22 13:41:58 [INFO ] XMLParsing - Deserialize file sensor.xml into class XMLDomain.Tree object
2016-10-22 13:42:56 [INFO ] Main - Start computation
2016-10-22 13:42:56 [INFO ] XMLParsing - Deserialize file sensor.xml into class XMLDomain.Tree object
2016-10-22 13:50:29 [INFO ] Main - Start computation
2016-10-22 13:50:29 [INFO ] XMLParsing - Deserialize file sensor.xml into class XMLDomain.Tree object
2016-10-22 13:51:33 [INFO ] Main - Start computation
2016-10-22 13:51:33 [INFO ] XMLParsing - Deserialize file sensor.xml into class XMLDomain.Tree object
2016-10-22 13:52:17 [INFO ] Main - Start computation
2016-10-22 13:52:18 [INFO ] XMLParsing - Deserialize file sensor.xml into class XMLDomain.Tree object
2016-10-22 13:53:00 [INFO ] Main - Start computation
2016-10-22 13:53:00 [INFO ] XMLParsing - Deserialize file sensor.xml into class XMLDomain.Tree object
2016-10-22 14:05:13 [INFO ] Main - Start computation
2016-10-22 14:05:14 [INFO ] XMLParsing - Deserialize file sensor.xml into class XMLDomain.Tree object
2016-10-22 14:24:04 [INFO ] Main - Start computation
2016-10-22 14:24:05 [INFO ] XMLParsing - Deserialize file sensor.xml into class XMLDomain.Tree object
2016-10-22 14:26:34 [INFO ] Main - Start computation
2016-10-22 14:26:35 [INFO ] XMLParsing - Deserialize file sensor.xml into class XMLDomain.Tree object
2016-10-22 14:27:13 [INFO ] Main - Start computation
2016-10-22 14:27:14 [INFO ] XMLParsing - Deserialize file sensor.xml into class XMLDomain.Tree object
2016-10-22 14:27:42 [INFO ] Main - Start computation
2016-10-22 14:27:43 [INFO ] XMLParsing - Deserialize file sensor.xml into class XMLDomain.Tree object
2016-10-22 14:54:54 [INFO ] Main - Start computation
2016-10-22 14:54:54 [INFO ] XMLParsing - Deserialize file sensor.xml into class XMLDomain.Tree object
2016-10-22 14:55:38 [INFO ] Main - Start computation
2016-10-22 14:55:39 [INFO ] XMLParsing - Deserialize file sensor.xml into class XMLDomain.Tree object
2016-10-22 14:56:04 [INFO ] Main - Start computation
2016-10-22 14:56:04 [INFO ] XMLParsing - Deserialize file sensor.xml into class XMLDomain.Tree object
2016-10-22 14:56:44 [INFO ] Main - Start computation
2016-10-22 14:56:45 [INFO ] XMLParsing - Deserialize file sensor.xml into class XMLDomain.Tree object
2016-10-22 14:56:56 [INFO ] Main - Start computation
2016-10-22 14:56:57 [INFO ] XMLParsing - Deserialize file sensor.xml into class XMLDomain.Tree object
2016-10-22 14:58:10 [INFO ] Main - Start computation
2016-10-22 14:58:11 [INFO ] XMLParsing - Deserialize file sensor.xml into class XMLDomain.Tree object
2016-10-22 14:58:11 [INFO ] Main - File 2016-10/sensori_FIRENZE.n3 creato
2016-10-22 14:58:23 [INFO ] Main - Start computation
2016-10-22 14:58:24 [INFO ] XMLParsing - Deserialize file sensor.xml into class XMLDomain.Tree object
2016-10-22 14:58:24 [INFO ] Main - File 2016_10/sensori_FIRENZE.n3 creato
2016-10-22 14:58:54 [INFO ] Main - Start computation
2016-10-22 14:58:55 [INFO ] XMLParsing - Deserialize file sensor.xml into class XMLDomain.Tree object
2016-10-22 14:58:55 [ERROR] Main - Creating file .n3 error 2016_10/22/14/5855/sensori_FIRENZE.n3 (No such file or directory)
2016-10-22 14:58:55 [INFO ] Main - File 2016_10/22/14/5855/sensori_FIRENZE.n3 creato
2016-10-22 15:00:03 [INFO ] Main - Start computation
2016-10-22 15:00:03 [INFO ] XMLParsing - Deserialize file sensor.xml into class XMLDomain.Tree object
2016-10-22 15:00:04 [ERROR] Main - Creating file .n3 error 2016_10/22/15/0004/sensori_FIRENZE.n3 (No such file or directory)
2016-10-22 15:00:16 [INFO ] Main - Start computation
2016-10-22 15:00:17 [INFO ] XMLParsing - Deserialize file sensor.xml into class XMLDomain.Tree object
2016-10-22 15:01:41 [INFO ] Main - Start computation
2016-10-22 15:01:42 [INFO ] XMLParsing - Deserialize file sensor.xml into class XMLDomain.Tree object
2016-10-22 15:06:02 [INFO ] Main - Start computation
2016-10-22 15:06:03 [INFO ] XMLParsing - Deserialize file sensor.xml into class XMLDomain.Tree object
2016-10-22 15:06:03 [ERROR] Main - Creating file .n3 error 2016_10/22/15/0603/sensori_FIRENZE.n3 (No such file or directory)
2016-10-22 15:07:16 [INFO ] Main - Start computation
2016-10-22 15:07:17 [INFO ] XMLParsing - Deserialize file sensor.xml into class XMLDomain.Tree object
2016-10-22 15:07:17 [INFO ] Main - File 2016_10/22/15/0717/sensori_FIRENZE.n3 creato
2016-10-22 15:09:32 [INFO ] Main - Start computation
2016-10-22 15:09:33 [INFO ] XMLParsing - Deserialize file sensor.xml into class XMLDomain.Tree object
2016-10-22 15:09:33 [INFO ] Main - Directory created: 2016_10/22/15/0933
2016-10-22 15:09:33 [INFO ] Main - File 2016_10/22/15/0933/sensori_FIRENZE.n3 creato
2016-10-22 15:23:55 [INFO ] Main - Start computation
2016-10-22 15:23:55 [INFO ] XMLParsing - Deserialize file sensor.xml into class XMLDomain.Tree object
2016-10-22 15:23:56 [INFO ] Main - Directory created: ./2016_10/22/15/2356
2016-10-22 15:23:56 [INFO ] Main - File ./2016_10/22/15/2356/sensori_FIRENZE.n3 creato
2016-10-22 16:00:07 [INFO ] Main - Start computation
2016-10-22 16:00:09 [INFO ] XMLParsing - Deserialize file sensor.xml into class XMLDomain.Tree object
2016-10-22 16:00:09 [INFO ] Main - Directory created: ./2016_10/22/16/0009
2016-10-22 16:00:09 [INFO ] Main - File ./2016_10/22/16/0009/sensori_FIRENZE.n3 creato
2016-10-22 16:00:29 [INFO ] Main - Start computation
2016-10-22 16:00:30 [INFO ] XMLParsing - Deserialize file sensor.xml into class XMLDomain.Tree object
2016-10-22 16:00:30 [INFO ] Main - Directory created: ./2016_10/22/16/0030
2016-10-22 16:00:30 [INFO ] Main - File ./2016_10/22/16/0030/sensori_FIRENZE.n3 creato
2016-10-22 16:00:47 [INFO ] Main - Start computation
2016-10-22 16:00:48 [INFO ] XMLParsing - Deserialize file sensor.xml into class XMLDomain.Tree object
2016-10-22 16:00:48 [INFO ] Main - Directory created: ./2016_10/22/16/0048
2016-10-22 16:00:48 [INFO ] Main - File ./2016_10/22/16/0048/sensori_FIRENZE.n3 creato
2016-10-22 16:02:38 [INFO ] Main - Start computation
2016-10-22 16:02:39 [INFO ] XMLParsing - Deserialize file sensor.xml into class XMLDomain.Tree object
2016-10-22 16:02:39 [INFO ] Main - Directory created: ./2016_10/22/16/0239
2016-10-22 16:02:39 [INFO ] Main - File ./2016_10/22/16/0239/sensori_FIRENZE.n3 creato
2016-10-22 16:03:59 [INFO ] Main - Start computation
2016-10-22 16:04:00 [INFO ] XMLParsing - Deserialize file sensor.xml into class XMLDomain.Tree object
2016-10-22 16:04:00 [INFO ] Main - Directory created: ./2016_10/22/16/0400
2016-10-22 16:04:00 [INFO ] Main - File ./2016_10/22/16/0400/sensori_FIRENZE.n3 creato
2016-10-22 16:04:19 [INFO ] Main - Start computation
2016-10-22 16:04:20 [INFO ] XMLParsing - Deserialize file sensor.xml into class XMLDomain.Tree object
2016-10-22 16:04:20 [INFO ] Main - Directory created: ./2016_10/22/16/0420
2016-10-22 16:04:20 [INFO ] Main - File ./2016_10/22/16/0420/sensori_FIRENZE.n3 creato
2016-10-22 16:04:55 [INFO ] Main - Start computation
2016-10-22 16:04:56 [INFO ] XMLParsing - Deserialize file sensor.xml into class XMLDomain.Tree object
2016-10-22 16:04:56 [INFO ] Main - Directory created: ./2016_10/22/16/0456
2016-10-22 16:04:56 [INFO ] Main - File ./2016_10/22/16/0456/sensori_FIRENZE.n3 creato
2016-10-22 16:05:03 [INFO ] Main - Start computation
2016-10-22 16:05:03 [INFO ] XMLParsing - Deserialize file sensor.xml into class XMLDomain.Tree object
2016-10-22 16:05:04 [INFO ] Main - Directory created: ./2016_10/22/16/0504
2016-10-22 16:05:04 [INFO ] Main - File ./2016_10/22/16/0504/sensori_FIRENZE.n3 creato
2016-10-22 16:05:15 [INFO ] Main - Start computation
2016-10-22 16:05:16 [INFO ] XMLParsing - Deserialize file sensor.xml into class XMLDomain.Tree object
2016-10-22 16:05:21 [INFO ] Main - Directory created: ./2016_10/22/16/0516
2016-10-22 16:05:21 [INFO ] Main - File ./2016_10/22/16/0516/sensori_FIRENZE.n3 creato
2016-10-22 16:06:09 [INFO ] Main - Start computation
2016-10-22 16:06:10 [INFO ] XMLParsing - Deserialize file sensor.xml into class XMLDomain.Tree object
2016-10-22 16:06:10 [INFO ] Main - Directory created: ./2016_10/22/16/0610
2016-10-22 16:06:10 [INFO ] Main - File ./2016_10/22/16/0610/sensori_FIRENZE.n3 creato
2016-10-22 16:06:25 [INFO ] Main - Start computation
2016-10-22 16:06:25 [INFO ] XMLParsing - Deserialize file sensor.xml into class XMLDomain.Tree object
2016-10-22 16:06:25 [INFO ] Main - Directory created: ./2016_10/22/16/0625
2016-10-22 16:06:25 [INFO ] Main - File ./2016_10/22/16/0625/sensori_FIRENZE.n3 creato
2016-10-22 16:06:29 [INFO ] Main - Start computation
2016-10-22 16:06:29 [INFO ] XMLParsing - Deserialize file sensor.xml into class XMLDomain.Tree object
2016-10-22 16:06:29 [INFO ] Main - Directory created: ./2016_10/22/16/0629
2016-10-22 16:06:29 [INFO ] Main - File ./2016_10/22/16/0629/sensori_FIRENZE.n3 creato
2016-10-22 16:06:54 [INFO ] Main - Start computation
2016-10-22 16:06:54 [INFO ] XMLParsing - Deserialize file sensor.xml into class XMLDomain.Tree object
2016-10-22 16:06:55 [INFO ] Main - Directory created: ./2016_10/22/16/0655
2016-10-22 16:06:55 [INFO ] Main - File ./2016_10/22/16/0655/sensori_FIRENZE.n3 creato
2016-10-22 16:07:31 [INFO ] Main - Start computation
2016-10-22 16:07:31 [INFO ] XMLParsing - Deserialize file sensor.xml into class XMLDomain.Tree object
2016-10-22 16:07:31 [INFO ] Main - Directory created: ./2016_10/22/16/0731
2016-10-22 16:07:31 [INFO ] Main - File ./2016_10/22/16/0731/sensori_FIRENZE.n3 creato
2016-10-22 16:08:30 [INFO ] Main - Start computation
2016-10-22 16:08:30 [INFO ] XMLParsing - Deserialize file sensor.xml into class XMLDomain.Tree object
2016-10-22 16:08:31 [INFO ] Main - Directory created: ./2016_10/22/16/0831
2016-10-22 16:08:31 [INFO ] Main - File ./2016_10/22/16/0831/sensori_FIRENZE.n3 creato
2016-10-22 16:08:47 [INFO ] Main - Start computation
2016-10-22 16:08:48 [INFO ] XMLParsing - Deserialize file sensor.xml into class XMLDomain.Tree object
2016-10-22 16:08:48 [INFO ] Main - Directory created: ./2016_10/22/16/0848
2016-10-22 16:08:48 [INFO ] Main - File ./2016_10/22/16/0848/sensori_FIRENZE.n3 creato
2016-10-22 16:09:04 [INFO ] Main - Start computation
2016-10-22 16:09:04 [INFO ] XMLParsing - Deserialize file sensor.xml into class XMLDomain.Tree object
2016-10-22 16:09:05 [INFO ] Main - Directory created: ./2016_10/22/16/0905
2016-10-22 16:09:05 [INFO ] Main - File ./2016_10/22/16/0905/sensori_FIRENZE.n3 creato
2016-10-22 16:09:22 [INFO ] Main - Start computation
2016-10-22 16:09:22 [INFO ] XMLParsing - Deserialize file sensor.xml into class XMLDomain.Tree object
2016-10-22 16:09:23 [INFO ] Main - Directory created: ./2016_10/22/16/0923
2016-10-22 16:09:23 [INFO ] Main - File ./2016_10/22/16/0923/sensori_FIRENZE.n3 creato
2016-10-22 16:10:00 [INFO ] Main - Start computation
2016-10-22 16:10:01 [INFO ] XMLParsing - Deserialize file sensor.xml into class XMLDomain.Tree object
2016-10-22 16:10:01 [INFO ] Main - Directory created: ./2016_10/22/16/1001
2016-10-22 16:10:01 [INFO ] Main - File ./2016_10/22/16/1001/sensori_FIRENZE.n3 creato
2016-10-22 16:10:34 [INFO ] Main - Start computation
2016-10-22 16:10:34 [INFO ] XMLParsing - Deserialize file sensor.xml into class XMLDomain.Tree object
2016-10-22 16:10:35 [INFO ] Main - Directory created: ./2016_10/22/16/1035
2016-10-22 16:10:35 [INFO ] Main - File ./2016_10/22/16/1035/sensori_FIRENZE.n3 creato
2016-10-22 16:11:21 [INFO ] Main - Start computation
2016-10-22 16:11:22 [INFO ] XMLParsing - Deserialize file sensor.xml into class XMLDomain.Tree object
2016-10-22 16:11:22 [INFO ] Main - Directory created: ./2016_10/22/16/1122
2016-10-22 16:11:22 [INFO ] Main - File ./2016_10/22/16/1122/sensori_FIRENZE.n3 creato
2016-10-22 16:11:29 [INFO ] Main - Start computation
2016-10-22 16:11:29 [INFO ] XMLParsing - Deserialize file sensor.xml into class XMLDomain.Tree object
2016-10-22 16:11:30 [INFO ] Main - Directory created: ./2016_10/22/16/1130
2016-10-22 16:11:30 [INFO ] Main - File ./2016_10/22/16/1130/sensori_FIRENZE.n3 creato
2016-10-22 16:11:38 [INFO ] Main - Start computation
2016-10-22 16:11:38 [INFO ] XMLParsing - Deserialize file sensor.xml into class XMLDomain.Tree object
2016-10-22 16:11:39 [INFO ] Main - Directory created: ./2016_10/22/16/1139
2016-10-22 16:11:39 [INFO ] Main - File ./2016_10/22/16/1139/sensori_FIRENZE.n3 creato
2016-10-22 16:11:47 [INFO ] Main - Start computation
2016-10-22 16:11:48 [INFO ] XMLParsing - Deserialize file sensor.xml into class XMLDomain.Tree object
2016-10-22 16:11:48 [INFO ] Main - Directory created: ./2016_10/22/16/1148
2016-10-22 16:11:48 [INFO ] Main - File ./2016_10/22/16/1148/sensori_FIRENZE.n3 creato
2016-10-22 16:11:57 [INFO ] Main - Start computation
2016-10-22 16:11:57 [INFO ] XMLParsing - Deserialize file sensor.xml into class XMLDomain.Tree object
2016-10-22 16:11:57 [INFO ] Main - Directory created: ./2016_10/22/16/1157
2016-10-22 16:11:57 [INFO ] Main - File ./2016_10/22/16/1157/sensori_FIRENZE.n3 creato
2016-10-22 16:14:01 [INFO ] Main - Start computation
2016-10-22 16:14:02 [INFO ] XMLParsing - Deserialize file sensor.xml into class XMLDomain.Tree object
2016-10-22 16:14:02 [INFO ] Main - Directory created: ./2016_10/22/16/1402
2016-10-22 16:14:02 [INFO ] Main - File ./2016_10/22/16/1402/sensori_FIRENZE.n3 creato
2016-10-22 16:14:10 [INFO ] Main - Start computation
2016-10-22 16:14:11 [INFO ] XMLParsing - Deserialize file sensor.xml into class XMLDomain.Tree object
2016-10-22 16:14:11 [INFO ] Main - Directory created: ./2016_10/22/16/1411
2016-10-22 16:14:11 [INFO ] Main - File ./2016_10/22/16/1411/sensori_FIRENZE.n3 creato
2016-10-22 16:14:20 [INFO ] Main - Start computation
2016-10-22 16:14:21 [INFO ] XMLParsing - Deserialize file sensor.xml into class XMLDomain.Tree object
2016-10-22 16:14:21 [INFO ] Main - Directory created: ./2016_10/22/16/1421
2016-10-22 16:14:21 [INFO ] Main - File ./2016_10/22/16/1421/sensori_FIRENZE.n3 creato
2016-10-22 16:17:55 [INFO ] Main - Start computation
2016-10-22 16:17:56 [INFO ] XMLParsing - Deserialize file sensor.xml into class XMLDomain.Tree object
2016-10-22 16:17:56 [INFO ] Main - Directory created: ./2016_10/22/16/1756
2016-10-22 16:17:56 [INFO ] Main - File ./2016_10/22/16/1756/sensori_FIRENZE.n3 creato
2016-10-22 16:18:14 [INFO ] Main - Start computation
2016-10-22 16:18:15 [INFO ] XMLParsing - Deserialize file sensor.xml into class XMLDomain.Tree object
2016-10-22 16:18:15 [INFO ] Main - Directory created: ./2016_10/22/16/1815
2016-10-22 16:18:15 [INFO ] Main - File ./2016_10/22/16/1815/sensori_FIRENZE.n3 creato
2016-10-22 16:18:25 [INFO ] Main - Start computation
2016-10-22 16:18:26 [INFO ] XMLParsing - Deserialize file sensor.xml into class XMLDomain.Tree object
2016-10-22 16:18:26 [INFO ] Main - Directory created: ./2016_10/22/16/1826
2016-10-22 16:18:26 [INFO ] Main - File ./2016_10/22/16/1826/sensori_FIRENZE.n3 creato
2016-10-22 16:19:09 [INFO ] Main - Start computation
2016-10-22 16:19:09 [INFO ] XMLParsing - Deserialize file sensor.xml into class XMLDomain.Tree object
2016-10-22 16:19:09 [INFO ] Main - Directory created: ./2016_10/22/16/1909
2016-10-22 16:19:09 [INFO ] Main - File ./2016_10/22/16/1909/sensori_FIRENZE.n3 creato
2016-10-22 16:19:31 [INFO ] Main - Start computation
2016-10-22 16:19:32 [INFO ] XMLParsing - Deserialize file sensor.xml into class XMLDomain.Tree object
2016-10-22 16:19:32 [INFO ] Main - Directory created: ./2016_10/22/16/1932
2016-10-22 16:19:32 [INFO ] Main - File ./2016_10/22/16/1932/sensori_FIRENZE.n3 creato
2016-10-22 16:19:41 [INFO ] Main - Start computation
2016-10-22 16:19:41 [INFO ] XMLParsing - Deserialize file sensor.xml into class XMLDomain.Tree object
2016-10-22 16:19:41 [INFO ] Main - Directory created: ./2016_10/22/16/1941
2016-10-22 16:19:41 [INFO ] Main - File ./2016_10/22/16/1941/sensori_FIRENZE.n3 creato
2016-10-22 16:19:57 [INFO ] Main - Start computation
2016-10-22 16:19:58 [INFO ] XMLParsing - Deserialize file sensor.xml into class XMLDomain.Tree object
2016-10-22 16:19:58 [INFO ] Main - Directory created: ./2016_10/22/16/1958
2016-10-22 16:19:58 [INFO ] Main - File ./2016_10/22/16/1958/sensori_FIRENZE.n3 creato
2016-10-22 16:20:15 [INFO ] Main - Start computation
2016-10-22 16:20:16 [INFO ] XMLParsing - Deserialize file sensor.xml into class XMLDomain.Tree object
2016-10-22 16:20:16 [INFO ] Main - Directory created: ./2016_10/22/16/2016
2016-10-22 16:20:16 [INFO ] Main - File ./2016_10/22/16/2016/sensori_FIRENZE.n3 creato
2016-10-22 16:21:05 [INFO ] Main - Start computation
2016-10-22 16:21:05 [INFO ] XMLParsing - Deserialize file sensor.xml into class XMLDomain.Tree object
2016-10-22 16:21:05 [INFO ] Main - Directory created: ./2016_10/22/16/2105
2016-10-22 16:21:05 [INFO ] Main - File ./2016_10/22/16/2105/sensori_FIRENZE.n3 creato
2016-10-22 16:21:39 [INFO ] Main - Start computation
2016-10-22 16:21:40 [INFO ] XMLParsing - Deserialize file sensor.xml into class XMLDomain.Tree object
2016-10-22 16:21:40 [INFO ] Main - Directory created: ./2016_10/22/16/2140
2016-10-22 16:21:40 [INFO ] Main - File ./2016_10/22/16/2140/sensori_FIRENZE.n3 creato
2016-10-22 16:22:01 [INFO ] Main - Start computation
2016-10-22 16:22:02 [INFO ] XMLParsing - Deserialize file sensor.xml into class XMLDomain.Tree object
2016-10-22 16:22:02 [INFO ] Main - Directory created: ./2016_10/22/16/2202
2016-10-22 16:22:02 [INFO ] Main - File ./2016_10/22/16/2202/sensori_FIRENZE.n3 creato
2016-10-22 16:22:15 [INFO ] Main - Start computation
2016-10-22 16:22:16 [INFO ] XMLParsing - Deserialize file sensor.xml into class XMLDomain.Tree object
2016-10-22 16:22:16 [INFO ] Main - Directory created: ./2016_10/22/16/2216
2016-10-22 16:22:16 [INFO ] Main - File ./2016_10/22/16/2216/sensori_FIRENZE.n3 creato
2016-10-22 16:22:26 [INFO ] Main - Start computation
2016-10-22 16:22:26 [INFO ] XMLParsing - Deserialize file sensor.xml into class XMLDomain.Tree object
2016-10-22 16:22:26 [INFO ] Main - Directory created: ./2016_10/22/16/2226
2016-10-22 16:22:26 [INFO ] Main - File ./2016_10/22/16/2226/sensori_FIRENZE.n3 creato
2016-10-22 16:22:46 [INFO ] Main - Start computation
2016-10-22 16:22:46 [INFO ] XMLParsing - Deserialize file sensor.xml into class XMLDomain.Tree object
2016-10-22 16:22:46 [INFO ] Main - Directory created: ./2016_10/22/16/2246
2016-10-22 16:22:46 [INFO ] Main - File ./2016_10/22/16/2246/sensori_FIRENZE.n3 creato
2016-10-22 16:24:17 [INFO ] Main - Start computation
2016-10-22 16:24:17 [INFO ] XMLParsing - Deserialize file sensor.xml into class XMLDomain.Tree object
2016-10-22 16:24:18 [INFO ] Main - Directory created: ./2016_10/22/16/2418
2016-10-22 16:24:18 [INFO ] Main - File ./2016_10/22/16/2418/sensori_FIRENZE.n3 creato
2016-10-22 16:24:35 [INFO ] Main - Start computation
2016-10-22 16:24:36 [INFO ] XMLParsing - Deserialize file sensor.xml into class XMLDomain.Tree object
2016-10-22 16:24:36 [INFO ] Main - Directory created: ./2016_10/22/16/2436
2016-10-22 16:24:36 [INFO ] Main - File ./2016_10/22/16/2436/sensori_FIRENZE.n3 creato
2016-10-22 16:25:41 [INFO ] Main - Start computation
2016-10-22 16:25:42 [INFO ] XMLParsing - Deserialize file sensor.xml into class XMLDomain.Tree object
2016-10-22 16:25:42 [INFO ] Main - Directory created: ./2016_10/22/16/2542
2016-10-22 16:25:42 [INFO ] Main - File ./2016_10/22/16/2542/sensori_FIRENZE.n3 creato
2016-10-22 16:26:37 [INFO ] Main - Start computation
2016-10-22 16:26:38 [INFO ] XMLParsing - Deserialize file sensor.xml into class XMLDomain.Tree object
2016-10-22 16:26:38 [INFO ] Main - Directory created: ./2016_10/22/16/2638
2016-10-22 16:26:38 [INFO ] Main - File ./2016_10/22/16/2638/sensori_FIRENZE.n3 creato
2016-10-22 16:27:16 [INFO ] Main - Start computation
2016-10-22 16:27:17 [INFO ] XMLParsing - Deserialize file sensor.xml into class XMLDomain.Tree object
2016-10-22 16:27:17 [INFO ] Main - Directory created: ./2016_10/22/16/2717
2016-10-22 16:27:17 [INFO ] Main - File ./2016_10/22/16/2717/sensori_FIRENZE.n3 creato
2016-10-22 16:27:23 [INFO ] Main - Start computation
2016-10-22 16:27:24 [INFO ] XMLParsing - Deserialize file sensor.xml into class XMLDomain.Tree object
2016-10-22 16:27:24 [INFO ] Main - Directory created: ./2016_10/22/16/2724
2016-10-22 16:27:24 [INFO ] Main - File ./2016_10/22/16/2724/sensori_FIRENZE.n3 creato
2016-10-22 16:27:40 [INFO ] Main - Start computation
2016-10-22 16:27:40 [INFO ] XMLParsing - Deserialize file sensor.xml into class XMLDomain.Tree object
2016-10-22 16:27:41 [INFO ] Main - Directory created: ./2016_10/22/16/2741
2016-10-22 16:27:41 [INFO ] Main - File ./2016_10/22/16/2741/sensori_FIRENZE.n3 creato
2016-10-22 16:27:57 [INFO ] Main - Start computation
2016-10-22 16:27:57 [INFO ] XMLParsing - Deserialize file sensor.xml into class XMLDomain.Tree object
2016-10-22 16:27:58 [INFO ] Main - Directory created: ./2016_10/22/16/2758
2016-10-22 16:27:58 [INFO ] Main - File ./2016_10/22/16/2758/sensori_FIRENZE.n3 creato
2016-10-22 16:28:15 [INFO ] Main - Start computation
2016-10-22 16:28:15 [INFO ] XMLParsing - Deserialize file sensor.xml into class XMLDomain.Tree object
2016-10-22 16:28:15 [INFO ] Main - Directory created: ./2016_10/22/16/2815
2016-10-22 16:28:15 [INFO ] Main - File ./2016_10/22/16/2815/sensori_FIRENZE.n3 creato
2016-10-22 16:30:02 [INFO ] Main - Start computation
2016-10-22 16:30:03 [INFO ] XMLParsing - Deserialize file sensor.xml into class XMLDomain.Tree object
2016-10-22 16:30:03 [INFO ] Main - Directory created: ./2016_10/22/16/3003
2016-10-22 16:30:03 [INFO ] Main - File ./2016_10/22/16/3003/sensori_FIRENZE.n3 creato
2016-10-22 16:30:22 [INFO ] Main - Start computation
2016-10-22 16:30:23 [INFO ] XMLParsing - Deserialize file sensor.xml into class XMLDomain.Tree object
2016-10-22 16:30:23 [INFO ] Main - Directory created: ./2016_10/22/16/3023
2016-10-22 16:30:23 [INFO ] Main - File ./2016_10/22/16/3023/sensori_FIRENZE.n3 creato
2016-10-22 16:30:30 [INFO ] Main - Start computation
2016-10-22 16:30:31 [INFO ] XMLParsing - Deserialize file sensor.xml into class XMLDomain.Tree object
2016-10-22 16:30:31 [INFO ] Main - Directory created: ./2016_10/22/16/3031
2016-10-22 16:30:31 [INFO ] Main - File ./2016_10/22/16/3031/sensori_FIRENZE.n3 creato
2016-10-22 16:30:41 [INFO ] Main - Start computation
2016-10-22 16:30:42 [INFO ] XMLParsing - Deserialize file sensor.xml into class XMLDomain.Tree object
2016-10-22 16:30:42 [INFO ] Main - Directory created: ./2016_10/22/16/3042
2016-10-22 16:30:42 [INFO ] Main - File ./2016_10/22/16/3042/sensori_FIRENZE.n3 creato
2016-10-22 16:30:57 [INFO ] Main - Start computation
2016-10-22 16:30:58 [INFO ] XMLParsing - Deserialize file sensor.xml into class XMLDomain.Tree object
2016-10-22 16:30:58 [INFO ] Main - Directory created: ./2016_10/22/16/3058
2016-10-22 16:30:58 [INFO ] Main - File ./2016_10/22/16/3058/sensori_FIRENZE.n3 creato
2016-10-22 16:31:10 [INFO ] Main - Start computation
2016-10-22 16:31:11 [INFO ] XMLParsing - Deserialize file sensor.xml into class XMLDomain.Tree object
2016-10-22 16:31:11 [INFO ] Main - Directory created: ./2016_10/22/16/3111
2016-10-22 16:31:11 [INFO ] Main - File ./2016_10/22/16/3111/sensori_FIRENZE.n3 creato
2016-10-22 16:51:22 [INFO ] Main - Start computation
2016-10-22 16:51:23 [INFO ] XMLParsing - Deserialize file sensor.xml into class XMLDomain.Tree object
2016-10-22 16:58:04 [INFO ] Main - Start computation
2016-10-22 16:58:05 [INFO ] XMLParsing - Deserialize file sensor.xml into class XMLDomain.Tree object
2016-10-22 16:58:20 [INFO ] Main - Start computation
2016-10-22 16:58:20 [INFO ] XMLParsing - Deserialize file sensor.xml into class XMLDomain.Tree object
2016-10-22 17:01:05 [INFO ] Main - Start computation
2016-10-22 17:01:06 [INFO ] XMLParsing - Deserialize file sensor.xml into class XMLDomain.Tree object
2016-10-22 17:01:23 [INFO ] Main - Start computation
2016-10-22 17:01:24 [INFO ] XMLParsing - Deserialize file sensor.xml into class XMLDomain.Tree object
2016-10-22 17:03:49 [INFO ] Main - Start computation
2016-10-22 17:03:49 [INFO ] XMLParsing - Deserialize file sensor.xml into class XMLDomain.Tree object
2016-10-22 18:47:33 [INFO ] Main - Start computation
2016-10-22 18:47:34 [INFO ] XMLParsing - Deserialize file sensor.xml into class XMLDomain.Tree object
2016-10-22 18:49:55 [INFO ] Main - Start computation
2016-10-22 18:49:56 [INFO ] XMLParsing - Deserialize file sensor.xml into class XMLDomain.Tree object
2016-10-22 18:51:30 [INFO ] Main - Start computation
2016-10-22 18:51:30 [INFO ] XMLParsing - Deserialize file sensor.xml into class XMLDomain.Tree object
2016-10-22 18:51:44 [INFO ] Main - Start computation
2016-10-22 18:51:44 [INFO ] XMLParsing - Deserialize file sensor.xml into class XMLDomain.Tree object
2016-10-22 18:52:16 [INFO ] Main - Start computation
2016-10-22 18:52:17 [INFO ] XMLParsing - Deserialize file sensor.xml into class XMLDomain.Tree object
2016-10-22 18:54:50 [INFO ] Main - Start computation
2016-10-22 18:54:50 [INFO ] XMLParsing - Deserialize file sensor.xml into class XMLDomain.Tree object
2016-10-22 18:56:24 [INFO ] Main - Start computation
2016-10-22 18:56:24 [INFO ] XMLParsing - Deserialize file sensor.xml into class XMLDomain.Tree object
2016-10-22 18:58:27 [INFO ] Main - Start computation
2016-10-22 18:58:28 [INFO ] XMLParsing - Deserialize file sensor.xml into class XMLDomain.Tree object
2016-10-22 19:05:02 [INFO ] Main - Start computation
2016-10-22 19:05:02 [INFO ] XMLParsing - Deserialize file sensor.xml into class XMLDomain.Tree object
2016-10-22 19:07:34 [INFO ] Main - Start computation
2016-10-22 19:07:35 [INFO ] XMLParsing - Deserialize file sensor.xml into class XMLDomain.Tree object
2016-10-22 19:10:16 [INFO ] Main - Start computation
2016-10-22 19:10:17 [INFO ] XMLParsing - Deserialize file sensor.xml into class XMLDomain.Tree object
2016-10-22 19:10:38 [ERROR] TripleGenerator - Evaluate expression $concentration * $averageSpeed error
2016-10-22 19:11:58 [INFO ] Main - Start computation
2016-10-22 19:11:59 [INFO ] XMLParsing - Deserialize file sensor.xml into class XMLDomain.Tree object
2016-10-22 19:12:43 [INFO ] Main - Start computation
2016-10-22 19:12:43 [INFO ] XMLParsing - Deserialize file sensor.xml into class XMLDomain.Tree object
2016-10-22 19:13:15 [INFO ] Main - Start computation
2016-10-22 19:13:15 [INFO ] XMLParsing - Deserialize file sensor.xml into class XMLDomain.Tree object
2016-10-22 19:13:58 [INFO ] Main - Start computation
2016-10-22 19:13:59 [INFO ] XMLParsing - Deserialize file sensor.xml into class XMLDomain.Tree object
2016-10-22 19:15:04 [INFO ] Main - Start computation
2016-10-22 19:15:05 [INFO ] XMLParsing - Deserialize file sensor.xml into class XMLDomain.Tree object
2016-10-22 19:15:18 [INFO ] Main - Start computation
2016-10-22 19:15:19 [INFO ] XMLParsing - Deserialize file sensor.xml into class XMLDomain.Tree object
2016-10-22 19:16:36 [INFO ] Main - Start computation
2016-10-22 19:16:37 [INFO ] XMLParsing - Deserialize file sensor.xml into class XMLDomain.Tree object
2016-10-22 19:20:27 [INFO ] Main - Start computation
2016-10-22 19:20:28 [INFO ] XMLParsing - Deserialize file sensor.xml into class XMLDomain.Tree object
2016-10-22 19:21:44 [INFO ] Main - Start computation
2016-10-22 19:21:45 [INFO ] XMLParsing - Deserialize file sensor.xml into class XMLDomain.Tree object
2016-10-22 19:23:01 [INFO ] Main - Start computation
2016-10-22 19:23:01 [INFO ] XMLParsing - Deserialize file sensor.xml into class XMLDomain.Tree object
2016-10-22 19:28:05 [INFO ] Main - Start computation
2016-10-22 19:28:06 [INFO ] XMLParsing - Deserialize file sensor.xml into class XMLDomain.Tree object
2016-10-22 19:28:13 [INFO ] Main - Start computation
2016-10-22 19:28:14 [INFO ] XMLParsing - Deserialize file sensor.xml into class XMLDomain.Tree object
2016-10-22 19:47:13 [INFO ] Main - Start computation
2016-10-22 19:47:15 [INFO ] XMLParsing - Deserialize file sensor.xml into class XMLDomain.Tree object
2016-10-22 19:47:16 [INFO ] Main - Directory created: ./2016_10/22/19/4716
2016-10-22 19:47:16 [INFO ] Main - File ./2016_10/22/19/4716/sensori_FIRENZE.n3 creato
